EV[A],problem=2,N=32	22.6635
EV[-C],problem=2,N=32	1.81825
EV[-S_c],problem=2,N=32	1.00021
EV[A],problem=2,N=64	26.593
EV[-C],problem=2,N=64	1.39566
EV[-S_c],problem=2,N=64	1.0012
EV[A],problem=1,N=10	20.4596
EV[-C],problem=1,N=10	6.04603e+08
EV[-S_c],problem=1,N=10	252.163
EV[A],problem=1,N=20	10.809
EV[-C],problem=1,N=20	2.96916e+08
EV[-S_c],problem=1,N=20	119.775
EV[A],problem=1,N=40	33.7836
EV[-C],problem=1,N=40	1.25399e+08
EV[-S_c],problem=1,N=40	72.4077
EV[A],problem=1,N=80	13.9373
EV[-C],problem=1,N=80	5.38933e+07
EV[-S_c],problem=1,N=80	286.628
EV[A],problem=1,N=160	53.2423
EV[-C],problem=1,N=160	2.14943e+08
EV[-S_c],problem=1,N=160	158.296
EV[A],problem=1,N=80	7.22794,cycles=2
EV[-C],problem=1,N=80	2.69471e+07,cycles=2
EV[-S_c],problem=1,N=80	143.567,cycles=2
EV[A],problem=1,N=10	10.486,cycles=2
EV[-C],problem=1,N=10	3.02302e+08,cycles=2
EV[-S_c],problem=1,N=10	126.333,cycles=2
EV[A],problem=1,N=20	5.6666,cycles=2
EV[-C],problem=1,N=20	1.48459e+08,cycles=2
EV[-S_c],problem=1,N=20	60.1397,cycles=2
EV[A],problem=1,N=40	17.1456,cycles=2
EV[-C],problem=1,N=40	6.27003e+07,cycles=2
EV[-S_c],problem=1,N=40	36.4563,cycles=2
EV[A],problem=1,N=160	26.8735,cycles=2
EV[-C],problem=1,N=160	1.07472e+08,cycles=2
EV[-S_c],problem=1,N=160	79.3995,cycles=2
EV[A],problem=14,N=10	10.486,cycles=2
EV[-C],problem=14,N=10	30233.6,cycles=2
EV[-S_c],problem=14,N=10	122.836,cycles=2
EV[A],problem=14,N=20	5.6666,cycles=2
EV[-C],problem=14,N=20	14847.8,cycles=2
EV[-S_c],problem=14,N=20	56.9981,cycles=2
EV[A],problem=14,N=40	17.1456,cycles=2
EV[-C],problem=14,N=40	6270.6,cycles=2
EV[-S_c],problem=14,N=40	24.8015,cycles=2
EV[A],problem=14,N=80	7.22794,cycles=2
EV[-C],problem=14,N=80	2695.85,cycles=2
EV[-S_c],problem=14,N=80	91.8368,cycles=2
EV[A],problem=14,N=160	26.8735,cycles=2
EV[-C],problem=14,N=160	10747.1,cycles=2
EV[-S_c],problem=14,N=160	35.9873,cycles=2
EV[A],problem=12,N=160	26.8735,cycles=2
EV[-C],problem=12,N=160	4.66615e+12,cycles=2
EV[-S_c],problem=12,N=160	81.0159,cycles=2
EV[A],problem=12,N=80	7.22794,cycles=2
EV[-C],problem=12,N=80	3.35391e+11,cycles=2
EV[-S_c],problem=12,N=80	144.241,cycles=2
EV[A],problem=12,N=40	17.1456,cycles=2
EV[-C],problem=12,N=40	6.39998e+11,cycles=2
EV[-S_c],problem=12,N=40	36.4981,cycles=2
EV[A],problem=12,N=20	5.6666,cycles=2
EV[-C],problem=12,N=20	1.49258e+12,cycles=2
EV[-S_c],problem=12,N=20	60.1545,cycles=2
EV[A],problem=12,N=10	10.486,cycles=2
EV[-C],problem=12,N=10	3.04116e+12,cycles=2
EV[-S_c],problem=12,N=10	126.334,cycles=2
EV[A],problem=12,N=160	26.8735,cycles=2
EV[-C],problem=12,N=160	3.1419e+12,cycles=2
EV[-S_c],problem=12,N=160	81.0159,cycles=2
EV[A],problem=12,N=10	10.486,cycles=2
EV[-C],problem=12,N=10	3.03033e+12,cycles=2
EV[-S_c],problem=12,N=10	126.334,cycles=2
EV[A],problem=12,N=160	26.8735,cycles=2
EV[-C],problem=12,N=160	3.19859e+12,cycles=2
EV[-S_c],problem=12,N=160	81.0159,cycles=2
EV[A],problem=12,N=10	10.486,cycles=2
EV[-C],problem=12,N=10	3.03202e+12,cycles=2
EV[-S_c],problem=12,N=10	126.334,cycles=2
EV[A],problem=12,N=10	20.4596,cycles=1
EV[-C],problem=12,N=10	6.08067e+12,cycles=1
EV[-S_c],problem=12,N=10	252.165,cycles=1
EV[A],problem=12,N=160	53.2423,cycles=1
EV[-C],problem=12,N=160	6.29142e+12,cycles=1
EV[-S_c],problem=12,N=160	161.528,cycles=1
EV[A],problem=1,N=10	20.4596,cycles=1
EV[-C],problem=1,N=10	6.04603e+08,cycles=1
EV[-S_c],problem=1,N=10	252.164,cycles=1
EV[A],problem=2,N=32	22.6636,cycles=1
EV[-C],problem=2,N=32	1.81826,cycles=1
EV[-S_c],problem=2,N=32	1.00024,cycles=1
EV[A],problem=2,N=128	106.559,cycles=1
EV[-C],problem=2,N=128	2.47711,cycles=1
EV[-S_c],problem=2,N=128	1.02983,cycles=1
EV[A],problem=2,N=256	46.5692,cycles=1
EV[-C],problem=2,N=256	1.69622,cycles=1
EV[-S_c],problem=2,N=256	1.12261,cycles=1
EV[A],problem=2,N=64	26.593,cycles=1
EV[-C],problem=2,N=64	1.39566,cycles=1
EV[-S_c],problem=2,N=64	1.0012,cycles=1
EV[A],problem=2,N=64	13.5512,cycles=2
EV[-C],problem=2,N=64	1.08739,cycles=2
EV[-S_c],problem=2,N=64	1,cycles=2
EV[A],problem=2,N=64	13.5512,cycles=2
EV[-C],problem=2,N=64	1.08739,cycles=2
EV[-S_c],problem=2,N=64	1,cycles=2
EV[A],problem=2,N=64	13.5512,cycles=2
EV[-C],problem=2,N=64	1.08739,cycles=2
EV[-S_c],problem=2,N=64	1,cycles=2
EV[A],problem=2,N=64	13.5512,cycles=2
EV[-C],problem=2,N=64	1.08739,cycles=2
EV[-S_c],problem=2,N=64	1,cycles=2
EV[A],problem=2,N=64	26.593,cycles=1
EV[-C],problem=2,N=64	1.39566,cycles=1
EV[-S_c],problem=2,N=64	1.0012,cycles=1
EV[A],problem=2,N=32	22.6635,cycles=1
EV[-C],problem=2,N=32	1.81827,cycles=1
EV[-S_c],problem=2,N=32	1.00024,cycles=1
EV[A],problem=2,N=32	22.6636,cycles=1
EV[-C],problem=2,N=32	1.81827,cycles=1
EV[-S_c],problem=2,N=32	1.00023,cycles=1
EV[A],problem=2,N=32	22.6635,cycles=1
EV[-C],problem=2,N=32	1.81825,cycles=1
EV[-S_c],problem=2,N=32	1.00024,cycles=1
EV[A],problem=12,N=320	22.8418,cycles=1
EV[-C],problem=12,N=320	-0.587378,cycles=1
EV[-S_c],problem=12,N=320	702.301,cycles=1
EV[A],problem=2,N=64	26.593,cycles=1
EV[-C],problem=2,N=64	1.39566,cycles=1
EV[-S_c],problem=2,N=64	1.0012,cycles=1
EV[A],problem=2,N=64	13.5513,cycles=2
EV[-C],problem=2,N=64	1.0874,cycles=2
EV[-S_c],problem=2,N=64	1,cycles=2
EV[A],problem=2,N=64	13.5512,cycles=2
EV[-C],problem=2,N=64	1.0874,cycles=2
EV[-S_c],problem=2,N=64	1,cycles=2
EV[A],problem=12,N=640	38.9452,cycles=2
EV[-C],problem=12,N=640	-5.56858e+10,cycles=2
EV[-S_c],problem=12,N=640	168.409,cycles=2
EV[A],problem=12,N=640	77.3872,cycles=1
EV[-C],problem=12,N=640	-9.43827e+11,cycles=1
EV[-S_c],problem=12,N=640	336.315,cycles=1
EV[A],problem=12,N=160	53.2423,cycles=1
EV[-C],problem=12,N=160	6.93773e+12,cycles=1
EV[-S_c],problem=12,N=160	161.528,cycles=1
EV[A],problem=12,N=10	20.4596,cycles=1
EV[-C],problem=12,N=10	6.07256e+12,cycles=1
EV[-S_c],problem=12,N=10	252.165,cycles=1
EV[A],problem=12,N=160	53.2423,cycles=1
EV[-C],problem=12,N=160	6.8299e+12,cycles=1
EV[-S_c],problem=12,N=160	161.528,cycles=1
EV[A],problem=12,N=10	20.4596,cycles=1
EV[-C],problem=12,N=10	6.06235e+12,cycles=1
EV[-S_c],problem=12,N=10	252.164,cycles=1
EV[A],problem=12,N=160	53.2423,cycles=1
EV[-C],problem=12,N=160	7.88143e+12,cycles=1
EV[-S_c],problem=12,N=160	161.528,cycles=1
EV[A],problem=12,N=160	53.2423,cycles=1
EV[-C],problem=12,N=160	6.37545e+12,cycles=1
EV[-S_c],problem=12,N=160	161.528,cycles=1
EV[A],problem=12,N=10	20.4596,cycles=1
EV[-C],problem=12,N=10	6.0705e+12,cycles=1
EV[-S_c],problem=12,N=10	252.164,cycles=1
EV[A],problem=12,N=160	53.2423,cycles=1
EV[-C],problem=12,N=160	6.21123e+12,cycles=1
EV[-S_c],problem=12,N=160	161.528,cycles=1
EV[A],problem=12,N=10	20.4596,cycles=1
EV[-C],problem=12,N=10	6.0655e+12,cycles=1
EV[-S_c],problem=12,N=10	252.164,cycles=1
EV[A],problem=12,N=10	20.4596,cycles=1
EV[-C],problem=12,N=10	6.06594e+12,cycles=1
EV[-S_c],problem=12,N=10	252.164,cycles=1
EV[A],problem=12,N=160	53.2423,cycles=1
EV[-C],problem=12,N=160	6.11508e+12,cycles=1
EV[-S_c],problem=12,N=160	161.528,cycles=1
EV[A],problem=12,N=10	20.4596,cycles=1
EV[-C],problem=12,N=10	6.06813e+12,cycles=1
EV[-S_c],problem=12,N=10	252.164,cycles=1
EV[A],problem=12,N=10	20.4596,cycles=1
EV[-C],problem=12,N=10	6.05793e+12,cycles=1
EV[-S_c],problem=12,N=10	252.165,cycles=1
EV[A],problem=12,N=10	20.4596,cycles=1
EV[-C],problem=12,N=10	6.05636e+12,cycles=1
EV[-S_c],problem=12,N=10	252.165,cycles=1
EV[A],problem=12,N=10	20.4596,cycles=1
EV[-C],problem=12,N=10	6.06578e+12,cycles=1
EV[-S_c],problem=12,N=10	252.164,cycles=1
EV[A],problem=12,N=40	33.7836,cycles=1
EV[-C],problem=12,N=40	-13.6843,cycles=1
EV[-S_c],problem=12,N=40	73.8658,cycles=1
EV[A],problem=12,N=40	33.7836,cycles=1
EV[-C],problem=12,N=40	-4.58158,cycles=1
EV[-S_c],problem=12,N=40	73.8659,cycles=1
EV[A],problem=12,N=20	10.809,cycles=1
EV[-C],problem=12,N=20	-44.1031,cycles=1
EV[-S_c],problem=12,N=20	120.689,cycles=1
EV[A],problem=12,N=20	10.809,cycles=1
EV[-C],problem=12,N=20	-2.69125,cycles=1
EV[-S_c],problem=12,N=20	120.69,cycles=1
EV[A],problem=12,N=20	10.809,cycles=1
EV[-C],problem=12,N=20	2.98646e+12,cycles=1
EV[-S_c],problem=12,N=20	119.806,cycles=1
EV[A],problem=2,N=64	26.593,cycles=1
EV[-C],problem=2,N=64	1.39566,cycles=1
EV[-S_c],problem=2,N=64	1.0012,cycles=1
EV[A],problem=12,N=20	10.809,cycles=1
EV[-C],problem=12,N=20	2.98538e+12,cycles=1
EV[-S_c],problem=12,N=20	119.805,cycles=1
EV[A],problem=12,N=20	10.809,cycles=1
EV[-C],problem=12,N=20	2.98999e+12,cycles=1
EV[-S_c],problem=12,N=20	119.805,cycles=1
EV[A],problem=12,N=40	33.7836,cycles=1
EV[-C],problem=12,N=40	1.28858e+12,cycles=1
EV[-S_c],problem=12,N=40	72.4914,cycles=1
EV[A],problem=12,N=40	33.7836,cycles=1
EV[-C],problem=12,N=40	1.29224e+12,cycles=1
EV[-S_c],problem=12,N=40	72.4914,cycles=1
EV[A],problem=2,N=32	22.6636,cycles=1
EV[-C],problem=2,N=32	1.81827,cycles=1
EV[-S_c],problem=2,N=32	1.00021,cycles=1
EV[A],problem=2,N=64	26.593,cycles=1
EV[-C],problem=2,N=64	1.39566,cycles=1
EV[-S_c],problem=2,N=64	1.0012,cycles=1
EV[A],problem=2,N=64	26.593,cycles=1
EV[-C],problem=2,N=64	1.39566,cycles=1
EV[-S_c],problem=2,N=64	1.0012,cycles=1
EV[A],problem=12,N=80	13.9373,cycles=1
EV[-C],problem=12,N=80	6.63367e+11,cycles=1
EV[-S_c],problem=12,N=80	287.977,cycles=1
EV[A],problem=12,N=40	33.7836,cycles=1
EV[-C],problem=12,N=40	1.27578e+12,cycles=1
EV[-S_c],problem=12,N=40	72.4914,cycles=1
EV[A],problem=12,N=160	53.2423,cycles=1
EV[-C],problem=12,N=160	6.56016e+12,cycles=1
EV[-S_c],problem=12,N=160	161.528,cycles=1
EV[A],problem=1,N=40	33.7836,cycles=1
EV[-C],problem=1,N=40	1.25399e+08,cycles=1
EV[-S_c],problem=1,N=40	72.4079,cycles=1
EV[A],problem=1,N=160	53.2423,cycles=1
EV[-C],problem=1,N=160	2.14942e+08,cycles=1
EV[-S_c],problem=1,N=160	158.295,cycles=1
EV[A],problem=3,N=0	1262.19,cycles=1
EV[-C],problem=3,N=0	238.826,cycles=1
EV[-S_c],problem=3,N=0	2.6195,cycles=1
